<?xml version="1.0" encoding="UTF-8"?>
<!-- Generated by org.testng.reporters.JUnitReportReporter -->
<testsuite skipped="0" hostname="DESKTOP-18H7534" name="com.goIbiboTest.testCases.TC_03_AddNewCustTest" tests="1" failures="0" timestamp="2021-05-23T20:43:48 IST" time="13.803" errors="0">
  <testcase name="addNewCustomer" time="13.803" classname="com.goIbiboTest.testCases.TC_03_AddNewCustTest"/>
</testsuite> <!-- com.goIbiboTest.testCases.TC_03_AddNewCustTest -->
