<?xml version="1.0" encoding="UTF-8"?>
<!-- Generated by org.testng.reporters.JUnitReportReporter -->
<testsuite skipped="0" hostname="DESKTOP-18H7534" name="com.goIbiboTest.testCases.TC_01_LoginTest" tests="1" failures="0" timestamp="2021-05-23T20:43:48 IST" time="2.847" errors="0">
  <testcase name="loginTest" time="2.847" classname="com.goIbiboTest.testCases.TC_01_LoginTest"/>
</testsuite> <!-- com.goIbiboTest.testCases.TC_01_LoginTest -->
