<?xml version="1.0" encoding="UTF-8"?>
<!-- Generated by org.testng.reporters.JUnitReportReporter -->
<testsuite skipped="0" hostname="DESKTOP-18H7534" name="com.goIbiboTest.testCases.TC_01_LoginTest" tests="1" failures="0" timestamp="2021-05-24T09:09:06 IST" time="3.590" errors="0">
  <testcase name="loginTest" time="3.590" classname="com.goIbiboTest.testCases.TC_01_LoginTest"/>
</testsuite> <!-- com.goIbiboTest.testCases.TC_01_LoginTest -->
